The following modules were not unloaded:
  (Use "module --force purge" to unload all):

  1) init-lumi/0.2   2) lumi-tools/23.04   3) ModuleLabel/label
NOTE: This module uses Singularity. Some commands execute inside the container
(e.g. python3, pip3).

This module has been installed by CSC and is still experimental and subject to
change. For further information see: https://docs.csc.fi/apps/pytorch/

╭───────────────────── Traceback (most recent call last) ──────────────────────╮
│ /projappl/project_462000185/ville/Open-Assistant/model/model_training/traine │
│ r_sft.py:443 in <module>                                                     │
│                                                                              │
│   440                                                                        │
│   441                                                                        │
│   442 if __name__ == "__main__":                                             │
│ ❱ 443 │   main()                                                             │
│   444                                                                        │
│                                                                              │
│ /projappl/project_462000185/ville/Open-Assistant/model/model_training/traine │
│ r_sft.py:273 in main                                                         │
│                                                                              │
│   270                                                                        │
│   271                                                                        │
│   272 def main():                                                            │
│ ❱ 273 │   training_conf = argument_parsing()                                 │
│   274 │   if not training_conf.deepspeed or training_conf.local_rank == 0:   │
│   275 │   │   print(f"trainig_conf = {training_conf}")                       │
│   276                                                                        │
│                                                                              │
│ /projappl/project_462000185/ville/Open-Assistant/model/model_training/traine │
│ r_sft.py:198 in argument_parsing                                             │
│                                                                              │
│   195 │   # Config from YAML                                                 │
│   196 │   conf = {}                                                          │
│   197 │   configs = read_yamls("./configs")                                  │
│ ❱ 198 │   conf.update(configs["defaults"])                                   │
│   199 │   try:                                                               │
│   200 │   │   for name in args.configs:                                      │
│   201 │   │   │   if "," in name:                                            │
╰──────────────────────────────────────────────────────────────────────────────╯
KeyError: 'defaults'
srun: error: nid007273: task 0: Exited with exit code 1
srun: launch/slurm: _step_signal: Terminating StepId=3445406.0
